<?xml version="1.0" encoding="UTF-8"?>
<!-- Generated by org.testng.reporters.JUnitXMLReporter -->
<testsuite ignored="0" hostname="EGCA1-0091" failures="0" tests="4" name="Test" time="24.88" errors="0" timestamp="2022-01-19T18:58:49 EET">
  <testcase classname="main.Start" name="startApplication" time="8.661"/>
  <testcase classname="main.Start" name="searchFlights" time="4.997"/>
  <testcase classname="main.Start" name="chooseFlight" time="0.765"/>
  <testcase classname="main.Start" name="purchaseFlight" time="6.74"/>
</testsuite> <!-- Test -->
