<?xml version="1.0" encoding="UTF-8"?>
<testng-results ignored="0" total="4" passed="4" failed="0" skipped="0">
  <reporter-output>
  </reporter-output>
  <suite started-at="2022-01-19T18:58:24 EET" name="Suite" finished-at="2022-01-19T18:58:49 EET" duration-ms="24880">
    <groups>
    </groups>
    <test started-at="2022-01-19T18:58:24 EET" name="Test" finished-at="2022-01-19T18:58:49 EET" duration-ms="24880">
      <class name="main.Start">
        <test-method is-config="true" signature="prepareClassProperties()[pri:0, instance:main.Start@5ace1ed4]" started-at="2022-01-19T18:58:24 EET" name="prepareClassProperties" finished-at="2022-01-19T18:58:26 EET" duration-ms="2615" status="PASS">
          <reporter-output>
          </reporter-output>
        </test-method> <!-- prepareClassProperties -->
        <test-method signature="startApplication()[pri:1, instance:main.Start@5ace1ed4]" started-at="2022-01-19T18:58:27 EET" name="startApplication" finished-at="2022-01-19T18:58:35 EET" duration-ms="8661" status="PASS">
          <reporter-output>
          </reporter-output>
        </test-method> <!-- startApplication -->
        <test-method signature="searchFlights()[pri:2, instance:main.Start@5ace1ed4]" started-at="2022-01-19T18:58:35 EET" name="searchFlights" finished-at="2022-01-19T18:58:40 EET" duration-ms="4997" status="PASS">
          <reporter-output>
          </reporter-output>
        </test-method> <!-- searchFlights -->
        <test-method signature="chooseFlight()[pri:3, instance:main.Start@5ace1ed4]" started-at="2022-01-19T18:58:40 EET" name="chooseFlight" finished-at="2022-01-19T18:58:41 EET" duration-ms="765" status="PASS">
          <reporter-output>
          </reporter-output>
        </test-method> <!-- chooseFlight -->
        <test-method signature="purchaseFlight()[pri:4, instance:main.Start@5ace1ed4]" started-at="2022-01-19T18:58:41 EET" name="purchaseFlight" finished-at="2022-01-19T18:58:48 EET" duration-ms="6740" status="PASS">
          <reporter-output>
          </reporter-output>
        </test-method> <!-- purchaseFlight -->
        <test-method is-config="true" signature="closeApplication()[pri:0, instance:main.Start@5ace1ed4]" started-at="2022-01-19T18:58:48 EET" name="closeApplication" finished-at="2022-01-19T18:58:49 EET" duration-ms="1049" status="PASS">
          <reporter-output>
          </reporter-output>
        </test-method> <!-- closeApplication -->
      </class> <!-- main.Start -->
    </test> <!-- Test -->
  </suite> <!-- Suite -->
</testng-results>
