<?xml version="1.0" encoding="UTF-8"?>
<testng-results ignored="0" total="2" passed="2" failed="0" skipped="0">
  <reporter-output>
  </reporter-output>
  <suite started-at="2022-01-19T16:07:12 EET" name="Suite" finished-at="2022-01-19T16:07:29 EET" duration-ms="17306">
    <groups>
    </groups>
    <test started-at="2022-01-19T16:07:12 EET" name="Test" finished-at="2022-01-19T16:07:29 EET" duration-ms="17306">
      <class name="main.Start">
        <test-method is-config="true" signature="prepareClassProperties()[pri:0, instance:main.Start@5ace1ed4]" started-at="2022-01-19T16:07:12 EET" name="prepareClassProperties" finished-at="2022-01-19T16:07:15 EET" duration-ms="2805" status="PASS">
          <reporter-output>
          </reporter-output>
        </test-method> <!-- prepareClassProperties -->
        <test-method signature="startApplication()[pri:1, instance:main.Start@5ace1ed4]" started-at="2022-01-19T16:07:15 EET" name="startApplication" finished-at="2022-01-19T16:07:23 EET" duration-ms="8435" status="PASS">
          <reporter-output>
          </reporter-output>
        </test-method> <!-- startApplication -->
        <test-method signature="searchFlights()[pri:2, instance:main.Start@5ace1ed4]" started-at="2022-01-19T16:07:23 EET" name="searchFlights" finished-at="2022-01-19T16:07:28 EET" duration-ms="4956" status="PASS">
          <reporter-output>
          </reporter-output>
        </test-method> <!-- searchFlights -->
        <test-method is-config="true" signature="closeApplication()[pri:0, instance:main.Start@5ace1ed4]" started-at="2022-01-19T16:07:28 EET" name="closeApplication" finished-at="2022-01-19T16:07:29 EET" duration-ms="1060" status="PASS">
          <reporter-output>
          </reporter-output>
        </test-method> <!-- closeApplication -->
      </class> <!-- main.Start -->
    </test> <!-- Test -->
  </suite> <!-- Suite -->
</testng-results>
